<!DOCTYPE html PUBLIC "-//W3C//DTD XHTML 1.1//EN" "http://www.w3.org/TR/xhtml11/DTD/xhtml11.dtd">
<html xmlns="http://www.w3.org/1999/xhtml">
<head>
<meta http-equiv="content-type" content="text/html; charset=UTF-8"/>
<title>TestNG Report</title>
<style type="text/css">table {margin-bottom:10px;border-collapse:collapse;empty-cells:show}th,td {border:1px solid #009;padding:.25em .5em}th {vertical-align:bottom}td {vertical-align:top}table a {font-weight:bold}.stripe td {background-color: #E6EBF9}.num {text-align:right}.passedodd td {background-color: #3F3}.passedeven td {background-color: #0A0}.skippedodd td {background-color: #DDD}.skippedeven td {background-color: #CCC}.failedodd td,.attn {background-color: #F33}.failedeven td,.stripe .attn {background-color: #D00}.stacktrace {white-space:pre;font-family:monospace}.totop {font-size:85%;text-align:center;border-bottom:2px solid #000}.invisible {display:none}</style>
</head>
<body>
<table>
<tr><th>Test</th><th># Passed</th><th># Skipped</th><th># Failed</th><th>Time (ms)</th><th>Included Groups</th><th>Excluded Groups</th></tr>
<tr><th colspan="7">TestSuite</th></tr>
<tr><td><a href="#t0">TC001_UserSignIn</a></td><td class="num">1</td><td class="num">0</td><td class="num">0</td><td class="num">49,865</td><td></td><td></td></tr>
<tr class="stripe"><td><a href="#t1">TC002_CheckRefrenceMaterials</a></td><td class="num">2</td><td class="num">0</td><td class="num">0</td><td class="num">53,068</td><td></td><td></td></tr>
<tr><td><a href="#t2">TC003_RequestAdditionalVenderNumber</a></td><td class="num">2</td><td class="num">0</td><td class="num">0</td><td class="num">143,034</td><td></td><td></td></tr>
<tr class="stripe"><td><a href="#t3">TC005_NavigateToSettingsAndCheckMenus</a></td><td class="num">2</td><td class="num">0</td><td class="num">0</td><td class="num">147,938</td><td></td><td></td></tr>
<tr><td><a href="#t4">TC004_LoginAndLogoutFunctionality</a></td><td class="num">1</td><td class="num">0</td><td class="num attn">1</td><td class="num">390,108</td><td></td><td></td></tr>
<tr class="stripe"><td><a href="#t5">TC006_CheckSuppliersInvoiceStatus</a></td><td class="num">2</td><td class="num">0</td><td class="num">0</td><td class="num">142,641</td><td></td><td></td></tr>
<tr><td><a href="#t6">TC007_ForgotPassword</a></td><td class="num">3</td><td class="num">0</td><td class="num">0</td><td class="num">117,813</td><td></td><td></td></tr>
<tr class="stripe"><td><a href="#t7">TC008_RegistrationScenario</a></td><td class="num">4</td><td class="num">0</td><td class="num">0</td><td class="num">129,991</td><td></td><td></td></tr>
<tr><td><a href="#t8">TC009_ToggleHome</a></td><td class="num">1</td><td class="num">0</td><td class="num attn">1</td><td class="num">118,263</td><td></td><td></td></tr>
<tr><th>Total</th><th class="num">18</th><th class="num">0</th><th class="num attn">2</th><th class="num">1,292,721</th><th colspan="2"></th></tr>
</table>
<table id='summary'><thead><tr><th>Class</th><th>Method</th><th>Start</th><th>Time (ms)</th></tr></thead><tbody><tr><th colspan="4">TestSuite</th></tr></tbody><tbody id="t0"><tr><th colspan="4">TC001_UserSignIn &#8212; passed</th></tr><tr class="passedeven"><td rowspan="1">BP.SISP.Portal.PortalTests.TC001_UserSignIn</td><td><a href="#m0">TestLogin</a></td><td rowspan="1">1540965565475</td><td rowspan="1">28196</td></tr></tbody>
<tbody id="t1"><tr><th colspan="4">TC002_CheckRefrenceMaterials &#8212; passed</th></tr><tr class="passedeven"><td rowspan="2">BP.SISP.Portal.PortalTests.TC002_CheckRefrenceMaterials</td><td><a href="#m1">ClickOnReferenceMaterial</a></td><td rowspan="1">1540965593360</td><td rowspan="1">3514</td></tr><tr class="passedeven"><td><a href="#m2">TestLogin</a></td><td rowspan="1">1540965563383</td><td rowspan="1">29954</td></tr></tbody>
<tbody id="t2"><tr><th colspan="4">TC003_RequestAdditionalVenderNumber &#8212; passed</th></tr><tr class="passedeven"><td rowspan="2">BP.SISP.Portal.PortalTests.TC003_RequestAdditionalVenderNumber</td><td><a href="#m3">ClickOnRequestAdditionalInfo</a></td><td rowspan="1">1540965728049</td><td rowspan="1">9371</td></tr><tr class="passedeven"><td><a href="#m4">TestLogin</a></td><td rowspan="1">1540965698823</td><td rowspan="1">29223</td></tr></tbody>
<tbody id="t3"><tr><th colspan="4">TC005_NavigateToSettingsAndCheckMenus &#8212; passed</th></tr><tr class="passedeven"><td rowspan="2">BP.SISP.Portal.PortalTests.TC005_NavigateToSettingsAndCheckMenus</td><td><a href="#m5">CheckSettingsPage</a></td><td rowspan="1">1540965870411</td><td rowspan="1">15689</td></tr><tr class="passedeven"><td><a href="#m6">TestLogin</a></td><td rowspan="1">1540965843952</td><td rowspan="1">26456</td></tr></tbody>
<tbody id="t4"><tr><th colspan="4">TC004_LoginAndLogoutFunctionality &#8212; failed</th></tr><tr class="failedeven"><td rowspan="1">BP.SISP.Portal.PortalTests.TC004_LoginAndLogoutFunctionality</td><td><a href="#m7">LogoutFromApplication</a></td><td rowspan="1">1540965730096</td><td rowspan="1">256891</td></tr><tr><th colspan="4">TC004_LoginAndLogoutFunctionality &#8212; passed</th></tr><tr class="passedeven"><td rowspan="1">BP.SISP.Portal.PortalTests.TC004_LoginAndLogoutFunctionality</td><td><a href="#m8">TestLogin</a></td><td rowspan="1">1540965699664</td><td rowspan="1">30429</td></tr></tbody>
<tbody id="t5"><tr><th colspan="4">TC006_CheckSuppliersInvoiceStatus &#8212; passed</th></tr><tr class="passedeven"><td rowspan="2">BP.SISP.Portal.PortalTests.TC006_CheckSuppliersInvoiceStatus</td><td><a href="#m9">SearchInvoice</a></td><td rowspan="1">1540966022837</td><td rowspan="1">6605</td></tr><tr class="passedeven"><td><a href="#m10">TestLogin</a></td><td rowspan="1">1540965999783</td><td rowspan="1">23051</td></tr></tbody>
<tbody id="t6"><tr><th colspan="4">TC007_ForgotPassword &#8212; passed</th></tr><tr class="passedeven"><td rowspan="3">BP.SISP.Portal.PortalTests.TC007_ForgotPassword</td><td><a href="#m11">ForgotPassword</a></td><td rowspan="1">1540966098490</td><td rowspan="1">2312</td></tr><tr class="passedeven"><td><a href="#m12">ResetLoginDetails</a></td><td rowspan="1">1540966100803</td><td rowspan="1">4730</td></tr><tr class="passedeven"><td><a href="#m13">WelcomePage</a></td><td rowspan="1">1540966090092</td><td rowspan="1">8396</td></tr></tbody>
<tbody id="t7"><tr><th colspan="4">TC008_RegistrationScenario &#8212; passed</th></tr><tr class="passedeven"><td rowspan="4">BP.SISP.Portal.PortalTests.TC008_RegistrationScenario</td><td><a href="#m14">LegalNoticeTab</a></td><td rowspan="1">1540966144247</td><td rowspan="1">8177</td></tr><tr class="passedeven"><td><a href="#m15">Register</a></td><td rowspan="1">1540966142047</td><td rowspan="1">2199</td></tr><tr class="passedeven"><td><a href="#m16">SupplierRegistration</a></td><td rowspan="1">1540966152426</td><td rowspan="1">7714</td></tr><tr class="passedeven"><td><a href="#m17">WelcomePage</a></td><td rowspan="1">1540966134473</td><td rowspan="1">7572</td></tr></tbody>
<tbody id="t8"><tr><th colspan="4">TC009_ToggleHome &#8212; failed</th></tr><tr class="failedeven"><td rowspan="1">BP.SISP.Portal.PortalTests.TC009_ToggleHome</td><td><a href="#m18">WelcomePage</a></td><td rowspan="1">1540966212832</td><td rowspan="1">7004</td></tr><tr><th colspan="4">TC009_ToggleHome &#8212; passed</th></tr><tr class="passedeven"><td rowspan="1">BP.SISP.Portal.PortalTests.TC009_ToggleHome</td><td><a href="#m19">ForgotPassword</a></td><td rowspan="1">1540966219840</td><td rowspan="1">4660</td></tr></tbody>
</table>
<h2>TC001_UserSignIn</h2><h3 id="m0">BP.SISP.Portal.PortalTests.TC001_UserSignIn#TestLogin</h3><table class="result"><tr><th class="invisible"/></tr></table><p class="totop"><a href="#summary">back to summary</a></p>
<h2>TC002_CheckRefrenceMaterials</h2><h3 id="m1">BP.SISP.Portal.PortalTests.TC002_CheckRefrenceMaterials#ClickOnReferenceMaterial</h3><table class="result"><tr><th class="invisible"/></tr></table><p class="totop"><a href="#summary">back to summary</a></p>
<h3 id="m2">BP.SISP.Portal.PortalTests.TC002_CheckRefrenceMaterials#TestLogin</h3><table class="result"><tr><th class="invisible"/></tr></table><p class="totop"><a href="#summary">back to summary</a></p>
<h2>TC003_RequestAdditionalVenderNumber</h2><h3 id="m3">BP.SISP.Portal.PortalTests.TC003_RequestAdditionalVenderNumber#ClickOnRequestAdditionalInfo</h3><table class="result"><tr><th class="invisible"/></tr></table><p class="totop"><a href="#summary">back to summary</a></p>
<h3 id="m4">BP.SISP.Portal.PortalTests.TC003_RequestAdditionalVenderNumber#TestLogin</h3><table class="result"><tr><th class="invisible"/></tr></table><p class="totop"><a href="#summary">back to summary</a></p>
<h2>TC005_NavigateToSettingsAndCheckMenus</h2><h3 id="m5">BP.SISP.Portal.PortalTests.TC005_NavigateToSettingsAndCheckMenus#CheckSettingsPage</h3><table class="result"><tr><th class="invisible"/></tr></table><p class="totop"><a href="#summary">back to summary</a></p>
<h3 id="m6">BP.SISP.Portal.PortalTests.TC005_NavigateToSettingsAndCheckMenus#TestLogin</h3><table class="result"><tr><th class="invisible"/></tr></table><p class="totop"><a href="#summary">back to summary</a></p>
<h2>TC004_LoginAndLogoutFunctionality</h2><h3 id="m7">BP.SISP.Portal.PortalTests.TC004_LoginAndLogoutFunctionality#LogoutFromApplication</h3><table class="result"><tr><th>Exception</th></tr><tr><td><div class="stacktrace">org.openqa.selenium.TimeoutException: Expected condition failed: waiting for presence of element located by: By.linkText: Sign in again (tried for 230 second(s) with 500 milliseconds interval)
	at org.openqa.selenium.support.ui.WebDriverWait.timeoutException(WebDriverWait.java:113)
	at org.openqa.selenium.support.ui.FluentWait.until(FluentWait.java:283)
	at BP.SISP.Portal.PortalPages.LogoutPage.LogOut(LogoutPage.java:49)
	at BP.SISP.Portal.PortalTests.TC004_LoginAndLogoutFunctionality.LogoutFromApplication(TC004_LoginAndLogoutFunctionality.java:80)
	at java.util.concurrent.FutureTask.run(Unknown Source)
	at java.util.concurrent.ThreadPoolExecutor.runWorker(Unknown Source)
	at java.util.concurrent.ThreadPoolExecutor$Worker.run(Unknown Source)
	at java.lang.Thread.run(Unknown Source)
Caused by: org.openqa.selenium.NoSuchElementException: Cannot locate an element using By.linkText: Sign in again
For documentation on this error, please visit: http://seleniumhq.org/exceptions/no_such_element.html
Build info: version: &apos;3.14.0&apos;, revision: &apos;aacccce0&apos;, time: &apos;2018-08-02T20:05:20.749Z&apos;
System info: host: &apos;BDC11-L-JVXCNN2&apos;, ip: &apos;10.246.56.165&apos;, os.name: &apos;Windows 10&apos;, os.arch: &apos;amd64&apos;, os.version: &apos;10.0&apos;, java.version: &apos;1.8.0_171&apos;
Driver info: driver.version: unknown
	at org.openqa.selenium.support.ui.ExpectedConditions.lambda$findElement$0(ExpectedConditions.java:896)
	at java.util.Optional.orElseThrow(Unknown Source)
	at org.openqa.selenium.support.ui.ExpectedConditions.findElement(ExpectedConditions.java:895)
	at org.openqa.selenium.support.ui.ExpectedConditions.access$000(ExpectedConditions.java:44)
	at org.openqa.selenium.support.ui.ExpectedConditions$6.apply(ExpectedConditions.java:183)
	at org.openqa.selenium.support.ui.ExpectedConditions$6.apply(ExpectedConditions.java:180)
	at org.openqa.selenium.support.ui.FluentWait.until(FluentWait.java:260)
	... 22 more
... Removed 16 stack frames</div></td></tr></table><p class="totop"><a href="#summary">back to summary</a></p>
<h3 id="m8">BP.SISP.Portal.PortalTests.TC004_LoginAndLogoutFunctionality#TestLogin</h3><table class="result"><tr><th class="invisible"/></tr></table><p class="totop"><a href="#summary">back to summary</a></p>
<h2>TC006_CheckSuppliersInvoiceStatus</h2><h3 id="m9">BP.SISP.Portal.PortalTests.TC006_CheckSuppliersInvoiceStatus#SearchInvoice</h3><table class="result"><tr><th class="invisible"/></tr></table><p class="totop"><a href="#summary">back to summary</a></p>
<h3 id="m10">BP.SISP.Portal.PortalTests.TC006_CheckSuppliersInvoiceStatus#TestLogin</h3><table class="result"><tr><th class="invisible"/></tr></table><p class="totop"><a href="#summary">back to summary</a></p>
<h2>TC007_ForgotPassword</h2><h3 id="m11">BP.SISP.Portal.PortalTests.TC007_ForgotPassword#ForgotPassword</h3><table class="result"><tr><th class="invisible"/></tr></table><p class="totop"><a href="#summary">back to summary</a></p>
<h3 id="m12">BP.SISP.Portal.PortalTests.TC007_ForgotPassword#ResetLoginDetails</h3><table class="result"><tr><th class="invisible"/></tr></table><p class="totop"><a href="#summary">back to summary</a></p>
<h3 id="m13">BP.SISP.Portal.PortalTests.TC007_ForgotPassword#WelcomePage</h3><table class="result"><tr><th class="invisible"/></tr></table><p class="totop"><a href="#summary">back to summary</a></p>
<h2>TC008_RegistrationScenario</h2><h3 id="m14">BP.SISP.Portal.PortalTests.TC008_RegistrationScenario#LegalNoticeTab</h3><table class="result"><tr><th class="invisible"/></tr></table><p class="totop"><a href="#summary">back to summary</a></p>
<h3 id="m15">BP.SISP.Portal.PortalTests.TC008_RegistrationScenario#Register</h3><table class="result"><tr><th class="invisible"/></tr></table><p class="totop"><a href="#summary">back to summary</a></p>
<h3 id="m16">BP.SISP.Portal.PortalTests.TC008_RegistrationScenario#SupplierRegistration</h3><table class="result"><tr><th class="invisible"/></tr></table><p class="totop"><a href="#summary">back to summary</a></p>
<h3 id="m17">BP.SISP.Portal.PortalTests.TC008_RegistrationScenario#WelcomePage</h3><table class="result"><tr><th class="invisible"/></tr></table><p class="totop"><a href="#summary">back to summary</a></p>
<h2>TC009_ToggleHome</h2><h3 id="m18">BP.SISP.Portal.PortalTests.TC009_ToggleHome#WelcomePage</h3><table class="result"><tr><th>Exception</th></tr><tr><td><div class="stacktrace">org.openqa.selenium.StaleElementReferenceException: stale element reference: element is not attached to the page document
  (Session info: chrome=70.0.3538.67)
  (Driver info: chromedriver=2.43.600210 (68dcf5eebde37173d4027fa8635e332711d2874a),platform=Windows NT 10.0.10586 x86_64) (WARNING: The server did not provide any stacktrace information)
Command duration or timeout: 0 milliseconds
For documentation on this error, please visit: http://seleniumhq.org/exceptions/stale_element_reference.html
Build info: version: &apos;3.14.0&apos;, revision: &apos;aacccce0&apos;, time: &apos;2018-08-02T20:05:20.749Z&apos;
System info: host: &apos;BDC11-L-JVXCNN2&apos;, ip: &apos;10.246.56.165&apos;, os.name: &apos;Windows 10&apos;, os.arch: &apos;amd64&apos;, os.version: &apos;10.0&apos;, java.version: &apos;1.8.0_171&apos;
Driver info: org.openqa.selenium.remote.RemoteWebDriver
Capabilities {acceptInsecureCerts: false, acceptSslCerts: false, applicationCacheEnabled: false, browserConnectionEnabled: false, browserName: chrome, chrome: {chromedriverVersion: 2.43.600210 (68dcf5eebde371..., userDataDir: C:\Users\ADMINI~1\AppData\L...}, cssSelectorsEnabled: true, databaseEnabled: false, goog:chromeOptions: {debuggerAddress: localhost:49749}, handlesAlerts: true, hasMetadata: true, hasTouchScreen: false, javascriptEnabled: true, locationContextEnabled: true, mobileEmulationEnabled: false, nativeEvents: true, networkConnectionEnabled: false, pageLoadStrategy: normal, platform: XP, platformName: XP, rotatable: false, setWindowRect: true, takesHeapSnapshot: true, takesScreenshot: true, unexpectedAlertBehaviour: , unhandledPromptBehavior: , version: 70.0.3538.67, webStorageEnabled: true, webdriver.remote.sessionid: 84957a3dbbbd4006bc82e430079...}
Session ID: 84957a3dbbbd4006bc82e430079272c6
	at org.openqa.selenium.remote.ErrorHandler.createThrowable(ErrorHandler.java:214)
	at org.openqa.selenium.remote.ErrorHandler.throwIfResponseFailed(ErrorHandler.java:166)
	at org.openqa.selenium.remote.http.JsonHttpResponseCodec.reconstructValue(JsonHttpResponseCodec.java:40)
	at org.openqa.selenium.remote.http.AbstractHttpResponseCodec.decode(AbstractHttpResponseCodec.java:80)
	at org.openqa.selenium.remote.http.AbstractHttpResponseCodec.decode(AbstractHttpResponseCodec.java:44)
	at org.openqa.selenium.remote.HttpCommandExecutor.execute(HttpCommandExecutor.java:158)
	at org.openqa.selenium.remote.RemoteWebDriver.execute(RemoteWebDriver.java:548)
	at org.openqa.selenium.remote.RemoteWebElement.execute(RemoteWebElement.java:276)
	at org.openqa.selenium.remote.RemoteWebElement.getText(RemoteWebElement.java:160)
	at org.openqa.selenium.support.pagefactory.internal.LocatingElementHandler.invoke(LocatingElementHandler.java:51)
	at com.sun.proxy.$Proxy9.getText(Unknown Source)
	at BP.SISP.Portal.PortalPages.HomePage.CheckCurrentPage(HomePage.java:149)
	at BP.SISP.Portal.PortalTests.TC009_ToggleHome.WelcomePage(TC009_ToggleHome.java:63)
	at java.util.concurrent.FutureTask.run(Unknown Source)
	at java.util.concurrent.ThreadPoolExecutor.runWorker(Unknown Source)
	at java.util.concurrent.ThreadPoolExecutor$Worker.run(Unknown Source)
	at java.lang.Thread.run(Unknown Source)
... Removed 24 stack frames</div></td></tr></table><p class="totop"><a href="#summary">back to summary</a></p>
<h3 id="m19">BP.SISP.Portal.PortalTests.TC009_ToggleHome#ForgotPassword</h3><table class="result"><tr><th class="invisible"/></tr></table><p class="totop"><a href="#summary">back to summary</a></p>
</body>
</html>
