<?xml version="1.0" encoding="UTF-8"?>
<testng-results skipped="0" failed="2" ignored="0" total="20" passed="18">
  <reporter-output>
  </reporter-output>
  <suite name="TestSuite" duration-ms="680694" started-at="2018-10-31T05:59:03Z" finished-at="2018-10-31T06:10:24Z">
    <groups>
    </groups>
    <test name="TC001_UserSignIn" duration-ms="49865" started-at="2018-10-31T05:59:03Z" finished-at="2018-10-31T05:59:53Z">
      <class name="BP.SISP.Portal.PortalTests.TC001_UserSignIn">
        <test-method status="PASS" signature="setup(java.lang.String)[pri:0, instance:BP.SISP.Portal.PortalTests.TC001_UserSignIn@42d80b78]" name="setup" is-config="true" duration-ms="21662" started-at="2018-10-31T05:59:03Z" finished-at="2018-10-31T05:59:25Z">
          <params>
            <param index="0">
              <value>
                <![CDATA[Chrome]]>
              </value>
            </param>
          </params>
          <reporter-output>
          </reporter-output>
        </test-method> <!-- setup -->
        <test-method status="PASS" signature="TestLogin()[pri:0, instance:BP.SISP.Portal.PortalTests.TC001_UserSignIn@42d80b78]" name="TestLogin" duration-ms="28196" started-at="2018-10-31T05:59:25Z" finished-at="2018-10-31T05:59:53Z">
          <reporter-output>
          </reporter-output>
        </test-method> <!-- TestLogin -->
      </class> <!-- BP.SISP.Portal.PortalTests.TC001_UserSignIn -->
    </test> <!-- TC001_UserSignIn -->
    <test name="TC002_CheckRefrenceMaterials" duration-ms="53068" started-at="2018-10-31T05:59:03Z" finished-at="2018-10-31T05:59:56Z">
      <class name="BP.SISP.Portal.PortalTests.TC002_CheckRefrenceMaterials">
        <test-method status="PASS" signature="setup(java.lang.String)[pri:0, instance:BP.SISP.Portal.PortalTests.TC002_CheckRefrenceMaterials@5f341870]" name="setup" is-config="true" duration-ms="19525" started-at="2018-10-31T05:59:03Z" finished-at="2018-10-31T05:59:23Z">
          <params>
            <param index="0">
              <value>
                <![CDATA[Chrome]]>
              </value>
            </param>
          </params>
          <reporter-output>
          </reporter-output>
        </test-method> <!-- setup -->
        <test-method status="PASS" signature="TestLogin()[pri:0, instance:BP.SISP.Portal.PortalTests.TC002_CheckRefrenceMaterials@5f341870]" name="TestLogin" duration-ms="29954" started-at="2018-10-31T05:59:23Z" finished-at="2018-10-31T05:59:53Z">
          <reporter-output>
          </reporter-output>
        </test-method> <!-- TestLogin -->
        <test-method status="PASS" signature="ClickOnReferenceMaterial()[pri:1, instance:BP.SISP.Portal.PortalTests.TC002_CheckRefrenceMaterials@5f341870]" name="ClickOnReferenceMaterial" duration-ms="3514" started-at="2018-10-31T05:59:53Z" finished-at="2018-10-31T05:59:56Z">
          <reporter-output>
          </reporter-output>
        </test-method> <!-- ClickOnReferenceMaterial -->
      </class> <!-- BP.SISP.Portal.PortalTests.TC002_CheckRefrenceMaterials -->
    </test> <!-- TC002_CheckRefrenceMaterials -->
    <test name="TC003_RequestAdditionalVenderNumber" duration-ms="143034" started-at="2018-10-31T05:59:54Z" finished-at="2018-10-31T06:02:17Z">
      <class name="BP.SISP.Portal.PortalTests.TC003_RequestAdditionalVenderNumber">
        <test-method status="PASS" signature="setup(java.lang.String)[pri:0, instance:BP.SISP.Portal.PortalTests.TC003_RequestAdditionalVenderNumber@59ec2012]" name="setup" is-config="true" duration-ms="104433" started-at="2018-10-31T05:59:54Z" finished-at="2018-10-31T06:01:38Z">
          <params>
            <param index="0">
              <value>
                <![CDATA[Chrome]]>
              </value>
            </param>
          </params>
          <reporter-output>
          </reporter-output>
        </test-method> <!-- setup -->
        <test-method status="PASS" signature="TestLogin()[pri:0, instance:BP.SISP.Portal.PortalTests.TC003_RequestAdditionalVenderNumber@59ec2012]" name="TestLogin" duration-ms="29223" started-at="2018-10-31T06:01:38Z" finished-at="2018-10-31T06:02:08Z">
          <reporter-output>
          </reporter-output>
        </test-method> <!-- TestLogin -->
        <test-method status="PASS" signature="ClickOnRequestAdditionalInfo()[pri:1, instance:BP.SISP.Portal.PortalTests.TC003_RequestAdditionalVenderNumber@59ec2012]" name="ClickOnRequestAdditionalInfo" duration-ms="9371" started-at="2018-10-31T06:02:08Z" finished-at="2018-10-31T06:02:17Z">
          <reporter-output>
          </reporter-output>
        </test-method> <!-- ClickOnRequestAdditionalInfo -->
      </class> <!-- BP.SISP.Portal.PortalTests.TC003_RequestAdditionalVenderNumber -->
    </test> <!-- TC003_RequestAdditionalVenderNumber -->
    <test name="TC005_NavigateToSettingsAndCheckMenus" duration-ms="147938" started-at="2018-10-31T06:02:18Z" finished-at="2018-10-31T06:04:46Z">
      <class name="BP.SISP.Portal.PortalTests.TC005_NavigateToSettingsAndCheckMenus">
        <test-method status="PASS" signature="setup(java.lang.String)[pri:0, instance:BP.SISP.Portal.PortalTests.TC005_NavigateToSettingsAndCheckMenus@27c20538]" name="setup" is-config="true" duration-ms="105786" started-at="2018-10-31T06:02:18Z" finished-at="2018-10-31T06:04:03Z">
          <params>
            <param index="0">
              <value>
                <![CDATA[Chrome]]>
              </value>
            </param>
          </params>
          <reporter-output>
          </reporter-output>
        </test-method> <!-- setup -->
        <test-method status="PASS" signature="TestLogin()[pri:0, instance:BP.SISP.Portal.PortalTests.TC005_NavigateToSettingsAndCheckMenus@27c20538]" name="TestLogin" duration-ms="26456" started-at="2018-10-31T06:04:03Z" finished-at="2018-10-31T06:04:30Z">
          <reporter-output>
          </reporter-output>
        </test-method> <!-- TestLogin -->
        <test-method status="PASS" signature="CheckSettingsPage()[pri:1, instance:BP.SISP.Portal.PortalTests.TC005_NavigateToSettingsAndCheckMenus@27c20538]" name="CheckSettingsPage" duration-ms="15689" started-at="2018-10-31T06:04:30Z" finished-at="2018-10-31T06:04:46Z">
          <reporter-output>
          </reporter-output>
        </test-method> <!-- CheckSettingsPage -->
      </class> <!-- BP.SISP.Portal.PortalTests.TC005_NavigateToSettingsAndCheckMenus -->
    </test> <!-- TC005_NavigateToSettingsAndCheckMenus -->
    <test name="TC004_LoginAndLogoutFunctionality" duration-ms="390108" started-at="2018-10-31T05:59:56Z" finished-at="2018-10-31T06:06:27Z">
      <class name="BP.SISP.Portal.PortalTests.TC004_LoginAndLogoutFunctionality">
        <test-method status="PASS" signature="setup(java.lang.String)[pri:0, instance:BP.SISP.Portal.PortalTests.TC004_LoginAndLogoutFunctionality@6fd02e5]" name="setup" is-config="true" duration-ms="102769" started-at="2018-10-31T05:59:56Z" finished-at="2018-10-31T06:01:39Z">
          <params>
            <param index="0">
              <value>
                <![CDATA[Chrome]]>
              </value>
            </param>
          </params>
          <reporter-output>
          </reporter-output>
        </test-method> <!-- setup -->
        <test-method status="PASS" signature="TestLogin()[pri:0, instance:BP.SISP.Portal.PortalTests.TC004_LoginAndLogoutFunctionality@6fd02e5]" name="TestLogin" duration-ms="30429" started-at="2018-10-31T06:01:39Z" finished-at="2018-10-31T06:02:10Z">
          <reporter-output>
          </reporter-output>
        </test-method> <!-- TestLogin -->
        <test-method status="FAIL" signature="LogoutFromApplication()[pri:1, instance:BP.SISP.Portal.PortalTests.TC004_LoginAndLogoutFunctionality@6fd02e5]" name="LogoutFromApplication" duration-ms="256891" started-at="2018-10-31T06:02:10Z" finished-at="2018-10-31T06:06:26Z">
          <exception class="org.openqa.selenium.TimeoutException">
            <message>
              <![CDATA[Expected condition failed: waiting for presence of element located by: By.linkText: Sign in again (tried for 230 second(s) with 500 milliseconds interval)]]>
            </message>
            <full-stacktrace>
              <![CDATA[org.openqa.selenium.TimeoutException: Expected condition failed: waiting for presence of element located by: By.linkText: Sign in again (tried for 230 second(s) with 500 milliseconds interval)
at org.openqa.selenium.support.ui.WebDriverWait.timeoutException(WebDriverWait.java:113)
at org.openqa.selenium.support.ui.FluentWait.until(FluentWait.java:283)
at BP.SISP.Portal.PortalPages.LogoutPage.LogOut(LogoutPage.java:49)
at BP.SISP.Portal.PortalTests.TC004_LoginAndLogoutFunctionality.LogoutFromApplication(TC004_LoginAndLogoutFunctionality.java:80)
at sun.reflect.NativeMethodAccessorImpl.invoke0(Native Method)
at sun.reflect.NativeMethodAccessorImpl.invoke(Unknown Source)
at sun.reflect.DelegatingMethodAccessorImpl.invoke(Unknown Source)
at java.lang.reflect.Method.invoke(Unknown Source)
at org.testng.internal.MethodInvocationHelper.invokeMethod(MethodInvocationHelper.java:124)
at org.testng.internal.Invoker.invokeMethod(Invoker.java:580)
at org.testng.internal.Invoker.invokeTestMethod(Invoker.java:716)
at org.testng.internal.Invoker.invokeTestMethods(Invoker.java:988)
at org.testng.internal.TestMethodWorker.invokeTestMethods(TestMethodWorker.java:125)
at org.testng.internal.TestMethodWorker.run(TestMethodWorker.java:109)
at org.testng.TestRunner.privateRun(TestRunner.java:648)
at org.testng.TestRunner.run(TestRunner.java:505)
at org.testng.SuiteRunner.runTest(SuiteRunner.java:455)
at org.testng.SuiteRunner.access$000(SuiteRunner.java:40)
at org.testng.SuiteRunner$SuiteWorker.run(SuiteRunner.java:489)
at org.testng.internal.thread.ThreadUtil$1.call(ThreadUtil.java:52)
at java.util.concurrent.FutureTask.run(Unknown Source)
at java.util.concurrent.ThreadPoolExecutor.runWorker(Unknown Source)
at java.util.concurrent.ThreadPoolExecutor$Worker.run(Unknown Source)
at java.lang.Thread.run(Unknown Source)
Caused by: org.openqa.selenium.NoSuchElementException: Cannot locate an element using By.linkText: Sign in again
For documentation on this error, please visit: http://seleniumhq.org/exceptions/no_such_element.html
Build info: version: '3.14.0', revision: 'aacccce0', time: '2018-08-02T20:05:20.749Z'
System info: host: 'BDC11-L-JVXCNN2', ip: '10.246.56.165', os.name: 'Windows 10', os.arch: 'amd64', os.version: '10.0', java.version: '1.8.0_171'
Driver info: driver.version: unknown
at org.openqa.selenium.support.ui.ExpectedConditions.lambda$findElement$0(ExpectedConditions.java:896)
at java.util.Optional.orElseThrow(Unknown Source)
at org.openqa.selenium.support.ui.ExpectedConditions.findElement(ExpectedConditions.java:895)
at org.openqa.selenium.support.ui.ExpectedConditions.access$000(ExpectedConditions.java:44)
at org.openqa.selenium.support.ui.ExpectedConditions$6.apply(ExpectedConditions.java:183)
at org.openqa.selenium.support.ui.ExpectedConditions$6.apply(ExpectedConditions.java:180)
at org.openqa.selenium.support.ui.FluentWait.until(FluentWait.java:260)
... 22 more
]]>
            </full-stacktrace>
          </exception> <!-- org.openqa.selenium.TimeoutException -->
          <reporter-output>
          </reporter-output>
        </test-method> <!-- LogoutFromApplication -->
      </class> <!-- BP.SISP.Portal.PortalTests.TC004_LoginAndLogoutFunctionality -->
    </test> <!-- TC004_LoginAndLogoutFunctionality -->
    <test name="TC006_CheckSuppliersInvoiceStatus" duration-ms="142641" started-at="2018-10-31T06:04:46Z" finished-at="2018-10-31T06:07:09Z">
      <class name="BP.SISP.Portal.PortalTests.TC006_CheckSuppliersInvoiceStatus">
        <test-method status="PASS" signature="setup(java.lang.String)[pri:0, instance:BP.SISP.Portal.PortalTests.TC006_CheckSuppliersInvoiceStatus@56ef9176]" name="setup" is-config="true" duration-ms="112979" started-at="2018-10-31T06:04:46Z" finished-at="2018-10-31T06:06:39Z">
          <params>
            <param index="0">
              <value>
                <![CDATA[Chrome]]>
              </value>
            </param>
          </params>
          <reporter-output>
          </reporter-output>
        </test-method> <!-- setup -->
        <test-method status="PASS" signature="TestLogin()[pri:0, instance:BP.SISP.Portal.PortalTests.TC006_CheckSuppliersInvoiceStatus@56ef9176]" name="TestLogin" duration-ms="23051" started-at="2018-10-31T06:06:39Z" finished-at="2018-10-31T06:07:02Z">
          <reporter-output>
          </reporter-output>
        </test-method> <!-- TestLogin -->
        <test-method status="PASS" signature="SearchInvoice()[pri:1, instance:BP.SISP.Portal.PortalTests.TC006_CheckSuppliersInvoiceStatus@56ef9176]" name="SearchInvoice" duration-ms="6605" started-at="2018-10-31T06:07:02Z" finished-at="2018-10-31T06:07:09Z">
          <reporter-output>
          </reporter-output>
        </test-method> <!-- SearchInvoice -->
      </class> <!-- BP.SISP.Portal.PortalTests.TC006_CheckSuppliersInvoiceStatus -->
    </test> <!-- TC006_CheckSuppliersInvoiceStatus -->
    <test name="TC007_ForgotPassword" duration-ms="117813" started-at="2018-10-31T06:06:27Z" finished-at="2018-10-31T06:08:25Z">
      <class name="BP.SISP.Portal.PortalTests.TC007_ForgotPassword">
        <test-method status="PASS" signature="setup(java.lang.String)[pri:0, instance:BP.SISP.Portal.PortalTests.TC007_ForgotPassword@3159c4b8]" name="setup" is-config="true" duration-ms="102368" started-at="2018-10-31T06:06:27Z" finished-at="2018-10-31T06:08:10Z">
          <params>
            <param index="0">
              <value>
                <![CDATA[Chrome]]>
              </value>
            </param>
          </params>
          <reporter-output>
          </reporter-output>
        </test-method> <!-- setup -->
        <test-method status="PASS" signature="WelcomePage()[pri:0, instance:BP.SISP.Portal.PortalTests.TC007_ForgotPassword@3159c4b8]" name="WelcomePage" duration-ms="8396" started-at="2018-10-31T06:08:10Z" finished-at="2018-10-31T06:08:18Z">
          <reporter-output>
          </reporter-output>
        </test-method> <!-- WelcomePage -->
        <test-method status="PASS" signature="ForgotPassword()[pri:1, instance:BP.SISP.Portal.PortalTests.TC007_ForgotPassword@3159c4b8]" name="ForgotPassword" duration-ms="2312" started-at="2018-10-31T06:08:18Z" finished-at="2018-10-31T06:08:20Z">
          <reporter-output>
          </reporter-output>
        </test-method> <!-- ForgotPassword -->
        <test-method status="PASS" signature="ResetLoginDetails()[pri:2, instance:BP.SISP.Portal.PortalTests.TC007_ForgotPassword@3159c4b8]" name="ResetLoginDetails" duration-ms="4730" started-at="2018-10-31T06:08:20Z" finished-at="2018-10-31T06:08:25Z">
          <reporter-output>
          </reporter-output>
        </test-method> <!-- ResetLoginDetails -->
      </class> <!-- BP.SISP.Portal.PortalTests.TC007_ForgotPassword -->
    </test> <!-- TC007_ForgotPassword -->
    <test name="TC008_RegistrationScenario" duration-ms="129991" started-at="2018-10-31T06:07:10Z" finished-at="2018-10-31T06:09:20Z">
      <class name="BP.SISP.Portal.PortalTests.TC008_RegistrationScenario">
        <test-method status="PASS" signature="setup(java.lang.String)[pri:0, instance:BP.SISP.Portal.PortalTests.TC008_RegistrationScenario@192b07fd]" name="setup" is-config="true" duration-ms="104320" started-at="2018-10-31T06:07:10Z" finished-at="2018-10-31T06:08:54Z">
          <params>
            <param index="0">
              <value>
                <![CDATA[Chrome]]>
              </value>
            </param>
          </params>
          <reporter-output>
          </reporter-output>
        </test-method> <!-- setup -->
        <test-method status="PASS" signature="WelcomePage()[pri:0, instance:BP.SISP.Portal.PortalTests.TC008_RegistrationScenario@192b07fd]" name="WelcomePage" duration-ms="7572" started-at="2018-10-31T06:08:54Z" finished-at="2018-10-31T06:09:02Z">
          <reporter-output>
          </reporter-output>
        </test-method> <!-- WelcomePage -->
        <test-method status="PASS" signature="Register()[pri:1, instance:BP.SISP.Portal.PortalTests.TC008_RegistrationScenario@192b07fd]" name="Register" duration-ms="2199" started-at="2018-10-31T06:09:02Z" finished-at="2018-10-31T06:09:04Z">
          <reporter-output>
          </reporter-output>
        </test-method> <!-- Register -->
        <test-method status="PASS" signature="LegalNoticeTab()[pri:2, instance:BP.SISP.Portal.PortalTests.TC008_RegistrationScenario@192b07fd]" name="LegalNoticeTab" duration-ms="8177" started-at="2018-10-31T06:09:04Z" finished-at="2018-10-31T06:09:12Z">
          <reporter-output>
          </reporter-output>
        </test-method> <!-- LegalNoticeTab -->
        <test-method status="PASS" signature="SupplierRegistration()[pri:3, instance:BP.SISP.Portal.PortalTests.TC008_RegistrationScenario@192b07fd]" name="SupplierRegistration" duration-ms="7714" started-at="2018-10-31T06:09:12Z" finished-at="2018-10-31T06:09:20Z">
          <reporter-output>
          </reporter-output>
        </test-method> <!-- SupplierRegistration -->
      </class> <!-- BP.SISP.Portal.PortalTests.TC008_RegistrationScenario -->
    </test> <!-- TC008_RegistrationScenario -->
    <test name="TC009_ToggleHome" duration-ms="118263" started-at="2018-10-31T06:08:26Z" finished-at="2018-10-31T06:10:24Z">
      <class name="BP.SISP.Portal.PortalTests.TC009_ToggleHome">
        <test-method status="PASS" signature="setup(java.lang.String)[pri:0, instance:BP.SISP.Portal.PortalTests.TC009_ToggleHome@7e0b0338]" name="setup" is-config="true" duration-ms="106593" started-at="2018-10-31T06:08:26Z" finished-at="2018-10-31T06:10:12Z">
          <params>
            <param index="0">
              <value>
                <![CDATA[Chrome]]>
              </value>
            </param>
          </params>
          <reporter-output>
          </reporter-output>
        </test-method> <!-- setup -->
        <test-method status="FAIL" signature="WelcomePage()[pri:0, instance:BP.SISP.Portal.PortalTests.TC009_ToggleHome@7e0b0338]" name="WelcomePage" duration-ms="7004" started-at="2018-10-31T06:10:12Z" finished-at="2018-10-31T06:10:19Z">
          <exception class="org.openqa.selenium.StaleElementReferenceException">
            <message>
              <![CDATA[stale element reference: element is not attached to the page document
  (Session info: chrome=70.0.3538.67)
  (Driver info: chromedriver=2.43.600210 (68dcf5eebde37173d4027fa8635e332711d2874a),platform=Windows NT 10.0.10586 x86_64) (WARNING: The server did not provide any stacktrace information)
Command duration or timeout: 0 milliseconds
For documentation on this error, please visit: http://seleniumhq.org/exceptions/stale_element_reference.html
Build info: version: '3.14.0', revision: 'aacccce0', time: '2018-08-02T20:05:20.749Z'
System info: host: 'BDC11-L-JVXCNN2', ip: '10.246.56.165', os.name: 'Windows 10', os.arch: 'amd64', os.version: '10.0', java.version: '1.8.0_171'
Driver info: org.openqa.selenium.remote.RemoteWebDriver
Capabilities {acceptInsecureCerts: false, acceptSslCerts: false, applicationCacheEnabled: false, browserConnectionEnabled: false, browserName: chrome, chrome: {chromedriverVersion: 2.43.600210 (68dcf5eebde371..., userDataDir: C:\Users\ADMINI~1\AppData\L...}, cssSelectorsEnabled: true, databaseEnabled: false, goog:chromeOptions: {debuggerAddress: localhost:49749}, handlesAlerts: true, hasMetadata: true, hasTouchScreen: false, javascriptEnabled: true, locationContextEnabled: true, mobileEmulationEnabled: false, nativeEvents: true, networkConnectionEnabled: false, pageLoadStrategy: normal, platform: XP, platformName: XP, rotatable: false, setWindowRect: true, takesHeapSnapshot: true, takesScreenshot: true, unexpectedAlertBehaviour: , unhandledPromptBehavior: , version: 70.0.3538.67, webStorageEnabled: true, webdriver.remote.sessionid: 84957a3dbbbd4006bc82e430079...}
Session ID: 84957a3dbbbd4006bc82e430079272c6]]>
            </message>
            <full-stacktrace>
              <![CDATA[org.openqa.selenium.StaleElementReferenceException: stale element reference: element is not attached to the page document
  (Session info: chrome=70.0.3538.67)
  (Driver info: chromedriver=2.43.600210 (68dcf5eebde37173d4027fa8635e332711d2874a),platform=Windows NT 10.0.10586 x86_64) (WARNING: The server did not provide any stacktrace information)
Command duration or timeout: 0 milliseconds
For documentation on this error, please visit: http://seleniumhq.org/exceptions/stale_element_reference.html
Build info: version: '3.14.0', revision: 'aacccce0', time: '2018-08-02T20:05:20.749Z'
System info: host: 'BDC11-L-JVXCNN2', ip: '10.246.56.165', os.name: 'Windows 10', os.arch: 'amd64', os.version: '10.0', java.version: '1.8.0_171'
Driver info: org.openqa.selenium.remote.RemoteWebDriver
Capabilities {acceptInsecureCerts: false, acceptSslCerts: false, applicationCacheEnabled: false, browserConnectionEnabled: false, browserName: chrome, chrome: {chromedriverVersion: 2.43.600210 (68dcf5eebde371..., userDataDir: C:\Users\ADMINI~1\AppData\L...}, cssSelectorsEnabled: true, databaseEnabled: false, goog:chromeOptions: {debuggerAddress: localhost:49749}, handlesAlerts: true, hasMetadata: true, hasTouchScreen: false, javascriptEnabled: true, locationContextEnabled: true, mobileEmulationEnabled: false, nativeEvents: true, networkConnectionEnabled: false, pageLoadStrategy: normal, platform: XP, platformName: XP, rotatable: false, setWindowRect: true, takesHeapSnapshot: true, takesScreenshot: true, unexpectedAlertBehaviour: , unhandledPromptBehavior: , version: 70.0.3538.67, webStorageEnabled: true, webdriver.remote.sessionid: 84957a3dbbbd4006bc82e430079...}
Session ID: 84957a3dbbbd4006bc82e430079272c6
at sun.reflect.NativeConstructorAccessorImpl.newInstance0(Native Method)
at sun.reflect.NativeConstructorAccessorImpl.newInstance(Unknown Source)
at sun.reflect.DelegatingConstructorAccessorImpl.newInstance(Unknown Source)
at java.lang.reflect.Constructor.newInstance(Unknown Source)
at org.openqa.selenium.remote.ErrorHandler.createThrowable(ErrorHandler.java:214)
at org.openqa.selenium.remote.ErrorHandler.throwIfResponseFailed(ErrorHandler.java:166)
at org.openqa.selenium.remote.http.JsonHttpResponseCodec.reconstructValue(JsonHttpResponseCodec.java:40)
at org.openqa.selenium.remote.http.AbstractHttpResponseCodec.decode(AbstractHttpResponseCodec.java:80)
at org.openqa.selenium.remote.http.AbstractHttpResponseCodec.decode(AbstractHttpResponseCodec.java:44)
at org.openqa.selenium.remote.HttpCommandExecutor.execute(HttpCommandExecutor.java:158)
at org.openqa.selenium.remote.RemoteWebDriver.execute(RemoteWebDriver.java:548)
at org.openqa.selenium.remote.RemoteWebElement.execute(RemoteWebElement.java:276)
at org.openqa.selenium.remote.RemoteWebElement.getText(RemoteWebElement.java:160)
at sun.reflect.NativeMethodAccessorImpl.invoke0(Native Method)
at sun.reflect.NativeMethodAccessorImpl.invoke(Unknown Source)
at sun.reflect.DelegatingMethodAccessorImpl.invoke(Unknown Source)
at java.lang.reflect.Method.invoke(Unknown Source)
at org.openqa.selenium.support.pagefactory.internal.LocatingElementHandler.invoke(LocatingElementHandler.java:51)
at com.sun.proxy.$Proxy9.getText(Unknown Source)
at BP.SISP.Portal.PortalPages.HomePage.CheckCurrentPage(HomePage.java:149)
at BP.SISP.Portal.PortalTests.TC009_ToggleHome.WelcomePage(TC009_ToggleHome.java:63)
at sun.reflect.NativeMethodAccessorImpl.invoke0(Native Method)
at sun.reflect.NativeMethodAccessorImpl.invoke(Unknown Source)
at sun.reflect.DelegatingMethodAccessorImpl.invoke(Unknown Source)
at java.lang.reflect.Method.invoke(Unknown Source)
at org.testng.internal.MethodInvocationHelper.invokeMethod(MethodInvocationHelper.java:124)
at org.testng.internal.Invoker.invokeMethod(Invoker.java:580)
at org.testng.internal.Invoker.invokeTestMethod(Invoker.java:716)
at org.testng.internal.Invoker.invokeTestMethods(Invoker.java:988)
at org.testng.internal.TestMethodWorker.invokeTestMethods(TestMethodWorker.java:125)
at org.testng.internal.TestMethodWorker.run(TestMethodWorker.java:109)
at org.testng.TestRunner.privateRun(TestRunner.java:648)
at org.testng.TestRunner.run(TestRunner.java:505)
at org.testng.SuiteRunner.runTest(SuiteRunner.java:455)
at org.testng.SuiteRunner.access$000(SuiteRunner.java:40)
at org.testng.SuiteRunner$SuiteWorker.run(SuiteRunner.java:489)
at org.testng.internal.thread.ThreadUtil$1.call(ThreadUtil.java:52)
at java.util.concurrent.FutureTask.run(Unknown Source)
at java.util.concurrent.ThreadPoolExecutor.runWorker(Unknown Source)
at java.util.concurrent.ThreadPoolExecutor$Worker.run(Unknown Source)
at java.lang.Thread.run(Unknown Source)
]]>
            </full-stacktrace>
          </exception> <!-- org.openqa.selenium.StaleElementReferenceException -->
          <reporter-output>
          </reporter-output>
        </test-method> <!-- WelcomePage -->
        <test-method status="PASS" signature="ForgotPassword()[pri:1, instance:BP.SISP.Portal.PortalTests.TC009_ToggleHome@7e0b0338]" name="ForgotPassword" duration-ms="4660" started-at="2018-10-31T06:10:19Z" finished-at="2018-10-31T06:10:24Z">
          <reporter-output>
          </reporter-output>
        </test-method> <!-- ForgotPassword -->
      </class> <!-- BP.SISP.Portal.PortalTests.TC009_ToggleHome -->
    </test> <!-- TC009_ToggleHome -->
  </suite> <!-- TestSuite -->
</testng-results>
